<?xml version="1.0" encoding="UTF-8"?>
<!-- Generated by org.testng.reporters.JUnitXMLReporter -->
<testsuite hostname="Amit-LT" ignored="3" name="nSP_Test" tests="0" failures="0" timestamp="2024-11-28T19:24:18 IST" time="21.773" errors="0">
  <testcase name="@AfterTest AfterTest" time="0.0" classname="nSP.base.Page">
    <ignored/>
  </testcase> <!-- @AfterTest AfterTest -->
  <testcase name="@AfterTest AfterTest" time="0.0" classname="nSP.base.Page">
    <ignored/>
  </testcase> <!-- @AfterTest AfterTest -->
  <testcase name="@AfterTest AfterTest" time="0.0" classname="nSP.base.Page">
    <ignored/>
  </testcase> <!-- @AfterTest AfterTest -->
</testsuite> <!-- nSP_Test -->
