<?xml version="1.0" encoding="UTF-8"?>
<testng-results skipped="0" failed="0" ignored="3" total="3" passed="0">
  <reporter-output>
  </reporter-output>
  <suite name="nSP_Suite" duration-ms="21773" started-at="2024-11-28T19:23:56 IST" finished-at="2024-11-28T19:24:18 IST">
    <groups>
    </groups>
    <test name="nSP_Test" duration-ms="21773" started-at="2024-11-28T19:23:56 IST" finished-at="2024-11-28T19:24:18 IST">
      <class name="nSP.testcases.TestCase_UpdatePassengerDetails">
        <test-method status="PASS" signature="AfterTest()[pri:0, instance:nSP.testcases.TestCase_UpdatePassengerDetails@47e2e487]" name="AfterTest" is-config="true" duration-ms="6" started-at="2024-11-28T19:24:18 IST" finished-at="2024-11-28T19:24:18 IST">
          <reporter-output>
          </reporter-output>
        </test-method> <!-- AfterTest -->
      </class> <!-- nSP.testcases.TestCase_UpdatePassengerDetails -->
    </test> <!-- nSP_Test -->
  </suite> <!-- nSP_Suite -->
</testng-results>
